<?xml version="1.0" encoding="UTF-8"?> 
<databaseChangeLog
    xmlns="http://www.liquibase.org/xml/ns/dbchangelog"
    xmlns:xsi="http://www.w3.org/2001/XMLSchema-instance"
    xmlns:ext="http://www.liquibase.org/xml/ns/dbchangelog-ext"
    xmlns:pro="http://www.liquibase.org/xml/ns/pro"
    xsi:schemaLocation="
    	http://www.liquibase.org/xml/ns/dbchangelog
        http://www.liquibase.org/xml/ns/dbchangelog/dbchangelog-latest.xsd
        http://www.liquibase.org/xml/ns/dbchangelog-ext http://www.liquibase.org/xml/ns/dbchangelog/dbchangelog-ext.xsd
        http://www.liquibase.org/xml/ns/pro http://www.liquibase.org/xml/ns/pro/liquibase-pro-latest.xsd">

	<include file="liquibase/investment-portfolio/instrument/create-table.xml"/>
	<include file="liquibase/investment-portfolio/instrument/create-unique-constraint-lk.xml"/>
	<include file="liquibase/investment-portfolio/instrument/create-unique-constraint-1.xml"/>
	<include file="liquibase/investment-portfolio/instrument/data/insert.xml"/>
	<include file="liquibase/investment-portfolio/instrument/add-instrument-type.xml"/>
	
	<include file="liquibase/investment-portfolio/instrument/drop-unique-constrain-1.xml"/>
	<include file="liquibase/investment-portfolio/instrument/drop-exchange.xml"/>

	<include file="liquibase/investment-portfolio/instrument/data/fix-lk.xml"/>

	<include file="liquibase/investment-portfolio/instrument-detail/inst-stock/create-table.xml"/>
	<include file="liquibase/investment-portfolio/instrument-detail/inst-stock/create-unique-constraint-lk.xml"/>
	<include file="liquibase/investment-portfolio/instrument-detail/inst-stock/add-not-null-instrument-id.xml"/>

	<include file="liquibase/investment-portfolio/instrument-detail/inst-etf/create-table.xml"/>
	<include file="liquibase/investment-portfolio/instrument-detail/inst-etf/create-unique-constraint-lk.xml"/>
	<include file="liquibase/investment-portfolio/instrument-detail/inst-etf/add-not-null-instrument-id.xml"/>

	<include file="liquibase/investment-portfolio/instrument-detail/inst-bond/create-table.xml"/>
	<include file="liquibase/investment-portfolio/instrument-detail/inst-bond/create-unique-constraint-lk.xml"/>

	<include file="liquibase/investment-portfolio/instrument-detail/inst-interest-bearing/test-create-table.xml"/>
	<include file="liquibase/investment-portfolio/instrument-detail/inst-interest-bearing/test-create-unique-constraint-lk.xml"/>
	<include file="liquibase/investment-portfolio/instrument-detail/inst-interest-bearing/add-columns.xml"/>
	<include file="liquibase/investment-portfolio/instrument-detail/inst-interest-bearing/set-columns-not-null.xml"/>
	<include file="liquibase/investment-portfolio/instrument-detail/inst-interest-bearing/add-columns-2.xml"/>
	<include file="liquibase/investment-portfolio/instrument-detail/inst-interest-bearing/add-columns-3.xml"/>
	<include file="liquibase/investment-portfolio/instrument-detail/inst-interest-bearing/add-columns-4.xml"/>

	<include file="liquibase/investment-portfolio/instrument-detail/inst-bond/add-column.xml"/>
	<include file="liquibase/investment-portfolio/instrument-detail/inst-interest-bearing/add-columns-5.xml"/>
	<include file="liquibase/investment-portfolio/instrument-detail/inst-interest-bearing/add-columns-6.xml"/>

	<include file="liquibase/investment-portfolio/portfolio/create-table.xml"/>
	<include file="liquibase/investment-portfolio/portfolio/create-unique-constraint-lk.xml"/>
	<include file="liquibase/investment-portfolio/portfolio/create-unique-constraint-1.xml"/>
	<include file="liquibase/investment-portfolio/portfolio/add-column-logically-deleted.xml"/>
	<include file="liquibase/investment-portfolio/portfolio/add-colum-financial-institution.xml"/>
	<include file="liquibase/investment-portfolio/portfolio/drop-column-institution.xml"/>

	<include file="liquibase/investment-portfolio/price/create-table.xml"/>
	<include file="liquibase/investment-portfolio/price/create-unique-constraint-lk.xml"/>
	<include file="liquibase/investment-portfolio/price/create-unique-constraint-1.xml"/>
	<include file="liquibase/investment-portfolio/price/data/insert.xml"/>

	<include file="liquibase/investment-portfolio/position/create-table.xml"/>
	<include file="liquibase/investment-portfolio/position/create-unique-constraint-lk.xml"/>
	<include file="liquibase/investment-portfolio/position/create-unique-constraint-1.xml"/>
	<include file="liquibase/investment-portfolio/position/add-not-null-foreign-keys.xml"/>

	
	<include file="liquibase/investment-portfolio/instrument/add-notes.xml"/>
	<include file="liquibase/investment-portfolio/portfolio/add-column-holder.xml"/>

	<include file="liquibase/investment-portfolio/instrument-detail/inst-interest-bearing/add-account-number-and-holder.xml"/>
	<include file="liquibase/investment-portfolio/fixed-income-audit/create-table.xml"/>	

	<include file="liquibase/investment-portfolio/instrument-detail/inst-interest-bearing/add-registered-account.xml"/>

	<include file="liquibase/investment-portfolio/portfolio/alter-colum-financial-institution.xml"/>
	<include file="liquibase/investment-portfolio/instrument-detail/inst-interest-bearing/alter-colum-financial-institution.xml"/>

	<include file="liquibase/investment-portfolio/portfolio/alter-colum-account-number.xml"/>

</databaseChangeLog>